<?xml version="1.0" encoding="UTF-8"?>
<!-- Generated by org.testng.reporters.JUnitReportReporter -->
<testsuite skipped="0" hostname="DESKTOP-O6S8VEP" name="com.indeed.Amazon" tests="1" failures="0" timestamp="21 Jun 2018 17:03:24 GMT" time="22.264" errors="0">
  <testcase name="rating" time="22.264" classname="com.indeed.Amazon"/>
</testsuite> <!-- com.indeed.Amazon -->
